Arguments: 
  /home/chloe/.nvm/versions/node/v10.15.1/bin/node /usr/share/yarn/bin/yarn.js install

PATH: 
  /home/chloe/.nvm/versions/node/v10.15.1/bin:/home/chloe/.linuxbrew/bin:/opt/GitHub Desktop:/home/chloe/.local/bin:/opt/GitHub Desktop:/usr/local/sbin:/usr/local/bin:/usr/sbin:/usr/bin:/sbin:/bin:/usr/games:/usr/local/games:/snap/bin:/home/chloe/Library/Android/sdk/tools:/home/chloe/Library/Android/sdk/tools/bin:/home/chloe/Library/Android/sdk/platform-tools

Yarn version: 
  1.21.1

Node version: 
  10.15.1

Platform: 
  linux x64

Trace: 
  SyntaxError: /home/chloe/Workspace/React-SpringBoot/Workspace/React/test-react2/package.json: Unexpected token } in JSON at position 1225
      at JSON.parse (<anonymous>)
      at /usr/share/yarn/lib/cli.js:1625:59
      at Generator.next (<anonymous>)
      at step (/usr/share/yarn/lib/cli.js:310:30)
      at /usr/share/yarn/lib/cli.js:321:13

npm manifest: 
  {
    "name": "my-app",
    "version": "0.1.0",
    "private": true,
    "proxy": "http://localhost:9999",
    "dependencies": {
      "@babel/runtime": "^7.7.6",
      "@material-ui/core": "^4.7.2",
      "@material-ui/icons": "^4.5.1",
      "@testing-library/jest-dom": "^4.2.4",
      "@testing-library/react": "^9.3.2",
      "@testing-library/user-event": "^7.1.2",
      "axios": "^0.19.0",
      "contentful": "^7.11.1",
      "node-sass": "^4.13.0",
      "react": "^16.12.0",
      "react-bell-icon": "^1.0.0",
      "react-dom": "^16.12.0",
      "react-dropzone-component": "^3.2.0",
      "react-error-boundary-component-fallback2": "^1.0.0",
      "react-images-upload": "^1.2.7",
      "react-router-dom": "^5.1.2",
      "react-scripts": "3.3.0",
      "react-stomp": "^4.2.0",
      "sockjs-client": "^1.4.0"
    },
    "scripts": {
      "start": "react-scripts start",
      "build": "react-scripts build",
      "test": "react-scripts test",
      "eject": "react-scripts eject"
    },
    "eslintConfig": {
      "extends": "react-app"
    },
    "browserslist": {
      "production": [
        ">0.2%",
        "not dead",
        "not op_mini all"
      ],
      "development": [
        "last 1 chrome version",
        "last 1 firefox version",
        "last 1 safari version"
      ]
    },
  }

yarn manifest: 
  No manifest

Lockfile: 
  No lockfile
